<?xml version="1.0" encoding="UTF-8"?>
<testng-results ignored="0" total="4" passed="4" failed="0" skipped="0">
  <reporter-output>
  </reporter-output>
  <suite started-at="2024-04-26T14:51:12 EDT" name="Default suite" finished-at="2024-04-26T14:51:28 EDT" duration-ms="15988">
    <groups>
      <group name="cucumber">
        <method signature="AbstractTestNGCucumberTests.runScenario(io.cucumber.testng.PickleWrapper,io.cucumber.testng.FeatureWrapper)[pri:0, instance:runner.TestRunner@3e694b3f]" name="runScenario" class="io.cucumber.testng.AbstractTestNGCucumberTests"/>
      </group> <!-- cucumber -->
    </groups>
    <test started-at="2024-04-26T14:51:12 EDT" name="Default test" finished-at="2024-04-26T14:51:28 EDT" duration-ms="15988">
      <class name="runner.TestRunner">
        <test-method is-config="true" signature="setUpClass(org.testng.ITestContext)[pri:0, instance:runner.TestRunner@3e694b3f]" started-at="2024-04-26T14:51:12 EDT" name="setUpClass" finished-at="2024-04-26T14:51:18 EDT" duration-ms="6347" status="PASS">
          <params>
            <param index="0">
              <value>
                <![CDATA[org.testng.TestRunner@51813065]]>
              </value>
            </param>
          </params>
          <reporter-output>
          </reporter-output>
        </test-method> <!-- setUpClass -->
        <test-method signature="runScenario(io.cucumber.testng.PickleWrapper,io.cucumber.testng.FeatureWrapper)[pri:0, instance:runner.TestRunner@3e694b3f]" started-at="2024-04-26T14:51:18 EDT" name="runScenario" description="Runs Cucumber Scenarios" data-provider="scenarios" finished-at="2024-04-26T14:51:20 EDT" duration-ms="1788" status="PASS">
          <params>
            <param index="0">
              <value>
                <![CDATA["Verify after login  admin lands on manage program as dashboard page"]]>
              </value>
            </param>
            <param index="1">
              <value>
                <![CDATA["Validating Dashboard page"]]>
              </value>
            </param>
          </params>
          <reporter-output>
          </reporter-output>
        </test-method> <!-- runScenario -->
        <test-method signature="runScenario(io.cucumber.testng.PickleWrapper,io.cucumber.testng.FeatureWrapper)[pri:0, instance:runner.TestRunner@3e694b3f]" started-at="2024-04-26T14:51:20 EDT" name="runScenario" description="Runs Cucumber Scenarios" data-provider="scenarios" finished-at="2024-04-26T14:51:20 EDT" duration-ms="665" status="PASS">
          <params>
            <param index="0">
              <value>
                <![CDATA["Verify admin is able to land on home page"]]>
              </value>
            </param>
            <param index="1">
              <value>
                <![CDATA["Validating Login Page"]]>
              </value>
            </param>
          </params>
          <reporter-output>
          </reporter-output>
        </test-method> <!-- runScenario -->
        <test-method signature="runScenario(io.cucumber.testng.PickleWrapper,io.cucumber.testng.FeatureWrapper)[pri:0, instance:runner.TestRunner@3e694b3f]" started-at="2024-04-26T14:51:20 EDT" name="runScenario" description="Runs Cucumber Scenarios" data-provider="scenarios" finished-at="2024-04-26T14:51:21 EDT" duration-ms="828" status="PASS">
          <params>
            <param index="0">
              <value>
                <![CDATA["Validate login with valid credentials"]]>
              </value>
            </param>
            <param index="1">
              <value>
                <![CDATA["Validating Login Page"]]>
              </value>
            </param>
          </params>
          <reporter-output>
          </reporter-output>
        </test-method> <!-- runScenario -->
        <test-method signature="runScenario(io.cucumber.testng.PickleWrapper,io.cucumber.testng.FeatureWrapper)[pri:0, instance:runner.TestRunner@3e694b3f]" started-at="2024-04-26T14:51:21 EDT" name="runScenario" description="Runs Cucumber Scenarios" data-provider="scenarios" finished-at="2024-04-26T14:51:22 EDT" duration-ms="1243" status="PASS">
          <params>
            <param index="0">
              <value>
                <![CDATA["Verify Logout button function"]]>
              </value>
            </param>
            <param index="1">
              <value>
                <![CDATA["Validate the Log out feature"]]>
              </value>
            </param>
          </params>
          <reporter-output>
          </reporter-output>
        </test-method> <!-- runScenario -->
        <test-method is-config="true" signature="tearDownClass()[pri:0, instance:runner.TestRunner@3e694b3f]" started-at="2024-04-26T14:51:22 EDT" name="tearDownClass" finished-at="2024-04-26T14:51:28 EDT" duration-ms="5064" status="PASS">
          <reporter-output>
          </reporter-output>
        </test-method> <!-- tearDownClass -->
      </class> <!-- runner.TestRunner -->
    </test> <!-- Default test -->
  </suite> <!-- Default suite -->
</testng-results>
